  [1m[35m (340.2ms)[0m  [1m[35mCREATE DATABASE `tailwind_development` DEFAULT CHARACTER SET `utf8`[0m
  [1m[35m (3202.3ms)[0m  [1m[35mCREATE TABLE `schema_migrations` (`version` varchar(255) NOT NULL PRIMARY KEY)[0m
  [1m[35m (1127.1ms)[0m  [1m[35mCREATE TABLE `ar_internal_metadata` (`key` varchar(255) NOT NULL PRIMARY KEY, `value` varchar(255), `created_at` datetime(6) NOT NULL, `updated_at` datetime(6) NOT NULL)[0m
  [1m[35m (0.9ms)[0m  [1m[34mSELECT GET_LOCK('6123865053441530640', 0)[0m
  [1m[36mActiveRecord::SchemaMigration Pluck (1.0ms)[0m  [1m[34mSELECT `schema_migrations`.`version` FROM `schema_migrations` ORDER BY `schema_migrations`.`version` ASC[0m
Migrating to CreatePersonalData (20220526081610)
  [1m[35m (1740.1ms)[0m  [1m[35mCREATE TABLE `personal_data` (`id` bigint NOT NULL AUTO_INCREMENT PRIMARY KEY, `first_name` varchar(255), `last_name` varchar(255), `nick_name` varchar(255), `email` varchar(255), `phone` varchar(255), `created_at` datetime(6) NOT NULL, `updated_at` datetime(6) NOT NULL)[0m
  [1m[36mTRANSACTION (0.7ms)[0m  [1m[35mBEGIN[0m
  [1m[36mActiveRecord::SchemaMigration Create (43.0ms)[0m  [1m[32mINSERT INTO `schema_migrations` (`version`) VALUES ('20220526081610')[0m
  [1m[36mTRANSACTION (141.6ms)[0m  [1m[35mCOMMIT[0m
Migrating to CreateEmployments (20220526081920)
  [1m[35m (558.5ms)[0m  [1m[35mCREATE TABLE `employments` (`id` bigint NOT NULL AUTO_INCREMENT PRIMARY KEY, `employer` varchar(255), `date_started` datetime(6), `date_employment_ended` datetime(6), `created_at` datetime(6) NOT NULL, `updated_at` datetime(6) NOT NULL)[0m
  [1m[36mTRANSACTION (17.5ms)[0m  [1m[35mBEGIN[0m
  [1m[36mActiveRecord::SchemaMigration Create (1.3ms)[0m  [1m[32mINSERT INTO `schema_migrations` (`version`) VALUES ('20220526081920')[0m
  [1m[36mTRANSACTION (113.1ms)[0m  [1m[35mCOMMIT[0m
Migrating to CreateEmploymentHisotries (20220527052635)
  [1m[35m (1635.4ms)[0m  [1m[35mCREATE TABLE `employment_histories` (`id` bigint NOT NULL AUTO_INCREMENT PRIMARY KEY, `employment_id` bigint NOT NULL, `employer` varchar(255), `date_started` datetime(6), `date_employment_ended` datetime(6), `created_at` datetime(6) NOT NULL, `updated_at` datetime(6) NOT NULL, INDEX `index_employment_histories_on_employment_id` (`employment_id`), CONSTRAINT `fk_rails_cac62fcb04`
FOREIGN KEY (`employment_id`)
  REFERENCES `employments` (`id`)
)[0m
  [1m[36mTRANSACTION (0.8ms)[0m  [1m[35mBEGIN[0m
  [1m[36mActiveRecord::SchemaMigration Create (1.0ms)[0m  [1m[32mINSERT INTO `schema_migrations` (`version`) VALUES ('20220527052635')[0m
  [1m[36mTRANSACTION (93.5ms)[0m  [1m[35mCOMMIT[0m
  [1m[36mActiveRecord::InternalMetadata Load (2.9ms)[0m  [1m[34mSELECT `ar_internal_metadata`.* FROM `ar_internal_metadata` WHERE `ar_internal_metadata`.`key` = 'environment' LIMIT 1[0m
  [1m[36mTRANSACTION (0.4ms)[0m  [1m[35mBEGIN[0m
  [1m[36mActiveRecord::InternalMetadata Create (0.5ms)[0m  [1m[32mINSERT INTO `ar_internal_metadata` (`key`, `value`, `created_at`, `updated_at`) VALUES ('environment', 'development', '2022-08-03 09:02:08.994993', '2022-08-03 09:02:08.994993')[0m
  [1m[36mTRANSACTION (85.7ms)[0m  [1m[35mCOMMIT[0m
  [1m[35m (0.8ms)[0m  [1m[34mSELECT RELEASE_LOCK('6123865053441530640')[0m
  [1m[36mActiveRecord::SchemaMigration Pluck (1.6ms)[0m  [1m[34mSELECT `schema_migrations`.`version` FROM `schema_migrations` ORDER BY `schema_migrations`.`version` ASC[0m
  [1m[36mActiveRecord::SchemaMigration Pluck (0.4ms)[0m  [1m[34mSELECT `schema_migrations`.`version` FROM `schema_migrations` ORDER BY `schema_migrations`.`version` ASC[0m
  [1m[36mActiveRecord::InternalMetadata Pluck (0.5ms)[0m  [1m[34mSELECT `ar_internal_metadata`.`value` FROM `ar_internal_metadata` WHERE `ar_internal_metadata`.`key` = 'environment' LIMIT 1[0m
  [1m[36mActiveRecord::SchemaMigration Pluck (0.3ms)[0m  [1m[34mSELECT `schema_migrations`.`version` FROM `schema_migrations` ORDER BY `schema_migrations`.`version` ASC[0m
  [1m[36mActiveRecord::InternalMetadata Pluck (0.4ms)[0m  [1m[34mSELECT `ar_internal_metadata`.`value` FROM `ar_internal_metadata` WHERE `ar_internal_metadata`.`key` = 'environment' LIMIT 1[0m
  [1m[36mActiveRecord::SchemaMigration Pluck (0.3ms)[0m  [1m[34mSELECT `schema_migrations`.`version` FROM `schema_migrations` ORDER BY `schema_migrations`.`version` ASC[0m
  [1m[36mActiveRecord::InternalMetadata Pluck (0.4ms)[0m  [1m[34mSELECT `ar_internal_metadata`.`value` FROM `ar_internal_metadata` WHERE `ar_internal_metadata`.`key` = 'environment' LIMIT 1[0m
  [1m[35m (2137.3ms)[0m  [1m[35mDROP DATABASE IF EXISTS `tailwind_development`[0m
  [1m[35m (147.5ms)[0m  [1m[35mCREATE DATABASE `tailwind_development` DEFAULT CHARACTER SET `utf8`[0m
  [1m[35m (37.5ms)[0m  [1m[35mDROP TABLE IF EXISTS `employment_histories` CASCADE[0m
  [1m[35m (641.2ms)[0m  [1m[35mCREATE TABLE `employment_histories` (`id` bigint NOT NULL AUTO_INCREMENT PRIMARY KEY, `employment_id` bigint NOT NULL, `employer` varchar(255), `date_started` datetime(6), `date_employment_ended` datetime(6), `created_at` datetime(6) NOT NULL, `updated_at` datetime(6) NOT NULL, INDEX `index_employment_histories_on_employment_id` (`employment_id`)) DEFAULT CHARSET=utf8mb3[0m
  [1m[35m (39.6ms)[0m  [1m[35mDROP TABLE IF EXISTS `employments` CASCADE[0m
  [1m[35m (707.9ms)[0m  [1m[35mCREATE TABLE `employments` (`id` bigint NOT NULL AUTO_INCREMENT PRIMARY KEY, `employer` varchar(255), `date_started` datetime(6), `date_employment_ended` datetime(6), `created_at` datetime(6) NOT NULL, `updated_at` datetime(6) NOT NULL) DEFAULT CHARSET=utf8mb3[0m
  [1m[35m (84.3ms)[0m  [1m[35mDROP TABLE IF EXISTS `personal_data` CASCADE[0m
  [1m[35m (617.9ms)[0m  [1m[35mCREATE TABLE `personal_data` (`id` bigint NOT NULL AUTO_INCREMENT PRIMARY KEY, `first_name` varchar(255), `last_name` varchar(255), `nick_name` varchar(255), `email` varchar(255), `phone` varchar(255), `created_at` datetime(6) NOT NULL, `updated_at` datetime(6) NOT NULL) DEFAULT CHARSET=utf8mb3[0m
  [1m[35m (1667.8ms)[0m  [1m[35mALTER TABLE `employment_histories` ADD CONSTRAINT `fk_rails_cac62fcb04`
FOREIGN KEY (`employment_id`)
  REFERENCES `employments` (`id`)
[0m
  [1m[35m (573.6ms)[0m  [1m[35mCREATE TABLE `schema_migrations` (`version` varchar(255) NOT NULL PRIMARY KEY)[0m
  [1m[36mActiveRecord::SchemaMigration Pluck (3.5ms)[0m  [1m[34mSELECT `schema_migrations`.`version` FROM `schema_migrations` ORDER BY `schema_migrations`.`version` ASC[0m
  [1m[35m (83.3ms)[0m  [1m[32mINSERT INTO `schema_migrations` (version) VALUES (20220527052635)[0m
  [1m[35m (119.0ms)[0m  [1m[32mINSERT INTO `schema_migrations` (version) VALUES
(20220526081610),
(20220526081920);

[0m
  [1m[35m (713.7ms)[0m  [1m[35mCREATE TABLE `ar_internal_metadata` (`key` varchar(255) NOT NULL PRIMARY KEY, `value` varchar(255), `created_at` datetime(6) NOT NULL, `updated_at` datetime(6) NOT NULL)[0m
  [1m[36mActiveRecord::InternalMetadata Load (4.1ms)[0m  [1m[34mSELECT `ar_internal_metadata`.* FROM `ar_internal_metadata` WHERE `ar_internal_metadata`.`key` = 'environment' LIMIT 1[0m
  [1m[36mTRANSACTION (0.4ms)[0m  [1m[35mBEGIN[0m
  [1m[36mActiveRecord::InternalMetadata Create (0.4ms)[0m  [1m[32mINSERT INTO `ar_internal_metadata` (`key`, `value`, `created_at`, `updated_at`) VALUES ('environment', 'development', '2022-08-03 09:04:01.589638', '2022-08-03 09:04:01.589638')[0m
  [1m[36mTRANSACTION (99.7ms)[0m  [1m[35mCOMMIT[0m
  [1m[36mActiveRecord::InternalMetadata Load (1.1ms)[0m  [1m[34mSELECT `ar_internal_metadata`.* FROM `ar_internal_metadata` WHERE `ar_internal_metadata`.`key` = 'environment' LIMIT 1[0m
  [1m[36mActiveRecord::InternalMetadata Load (1.2ms)[0m  [1m[34mSELECT `ar_internal_metadata`.* FROM `ar_internal_metadata` WHERE `ar_internal_metadata`.`key` = 'schema_sha1' LIMIT 1[0m
  [1m[36mTRANSACTION (0.6ms)[0m  [1m[35mBEGIN[0m
  [1m[36mActiveRecord::InternalMetadata Create (0.7ms)[0m  [1m[32mINSERT INTO `ar_internal_metadata` (`key`, `value`, `created_at`, `updated_at`) VALUES ('schema_sha1', '595abe410151ab44a4e37d35c60b75f988ad529a', '2022-08-03 09:04:01.736289', '2022-08-03 09:04:01.736289')[0m
  [1m[36mTRANSACTION (106.9ms)[0m  [1m[35mCOMMIT[0m
  [1m[36mActiveRecord::SchemaMigration Pluck (1.3ms)[0m  [1m[34mSELECT `schema_migrations`.`version` FROM `schema_migrations` ORDER BY `schema_migrations`.`version` ASC[0m
  [1m[36mActiveRecord::SchemaMigration Pluck (0.3ms)[0m  [1m[34mSELECT `schema_migrations`.`version` FROM `schema_migrations` ORDER BY `schema_migrations`.`version` ASC[0m
  [1m[36mActiveRecord::InternalMetadata Pluck (0.4ms)[0m  [1m[34mSELECT `ar_internal_metadata`.`value` FROM `ar_internal_metadata` WHERE `ar_internal_metadata`.`key` = 'environment' LIMIT 1[0m
  [1m[36mActiveRecord::SchemaMigration Pluck (0.2ms)[0m  [1m[34mSELECT `schema_migrations`.`version` FROM `schema_migrations` ORDER BY `schema_migrations`.`version` ASC[0m
  [1m[36mActiveRecord::InternalMetadata Pluck (0.4ms)[0m  [1m[34mSELECT `ar_internal_metadata`.`value` FROM `ar_internal_metadata` WHERE `ar_internal_metadata`.`key` = 'environment' LIMIT 1[0m
  [1m[36mActiveRecord::SchemaMigration Pluck (0.2ms)[0m  [1m[34mSELECT `schema_migrations`.`version` FROM `schema_migrations` ORDER BY `schema_migrations`.`version` ASC[0m
  [1m[36mActiveRecord::InternalMetadata Pluck (0.3ms)[0m  [1m[34mSELECT `ar_internal_metadata`.`value` FROM `ar_internal_metadata` WHERE `ar_internal_metadata`.`key` = 'environment' LIMIT 1[0m
  [1m[35m (1938.4ms)[0m  [1m[35mDROP DATABASE IF EXISTS `tailwind_development`[0m
  [1m[35m (141.5ms)[0m  [1m[35mCREATE DATABASE `tailwind_development` DEFAULT CHARACTER SET `utf8`[0m
  [1m[35m (467.5ms)[0m  [1m[35mCREATE TABLE `schema_migrations` (`version` varchar(255) NOT NULL PRIMARY KEY)[0m
  [1m[35m (621.6ms)[0m  [1m[35mCREATE TABLE `ar_internal_metadata` (`key` varchar(255) NOT NULL PRIMARY KEY, `value` varchar(255), `created_at` datetime(6) NOT NULL, `updated_at` datetime(6) NOT NULL)[0m
  [1m[35m (0.6ms)[0m  [1m[34mSELECT GET_LOCK('6123865053441530640', 0)[0m
  [1m[36mActiveRecord::SchemaMigration Pluck (2.0ms)[0m  [1m[34mSELECT `schema_migrations`.`version` FROM `schema_migrations` ORDER BY `schema_migrations`.`version` ASC[0m
Migrating to CreatePersonalData (20220526081610)
  [1m[35m (1640.4ms)[0m  [1m[35mCREATE TABLE `users` (`id` bigint NOT NULL AUTO_INCREMENT PRIMARY KEY, `first_name` varchar(255), `last_name` varchar(255), `nick_name` varchar(255), `email` varchar(255), `phone` varchar(255), `created_at` datetime(6) NOT NULL, `updated_at` datetime(6) NOT NULL)[0m
  [1m[36mTRANSACTION (0.4ms)[0m  [1m[35mBEGIN[0m
  [1m[36mActiveRecord::SchemaMigration Create (0.6ms)[0m  [1m[32mINSERT INTO `schema_migrations` (`version`) VALUES ('20220526081610')[0m
  [1m[36mTRANSACTION (130.9ms)[0m  [1m[35mCOMMIT[0m
Migrating to CreateEmployments (20220526081920)
  [1m[35m (521.0ms)[0m  [1m[35mCREATE TABLE `employments` (`id` bigint NOT NULL AUTO_INCREMENT PRIMARY KEY, `employer` varchar(255), `date_started` datetime(6), `date_employment_ended` datetime(6), `created_at` datetime(6) NOT NULL, `updated_at` datetime(6) NOT NULL)[0m
  [1m[36mTRANSACTION (0.7ms)[0m  [1m[35mBEGIN[0m
  [1m[36mActiveRecord::SchemaMigration Create (1.5ms)[0m  [1m[32mINSERT INTO `schema_migrations` (`version`) VALUES ('20220526081920')[0m
  [1m[36mTRANSACTION (129.8ms)[0m  [1m[35mCOMMIT[0m
Migrating to CreateEmploymentHisotries (20220527052635)
  [1m[35m (745.9ms)[0m  [1m[35mCREATE TABLE `employment_histories` (`id` bigint NOT NULL AUTO_INCREMENT PRIMARY KEY, `employment_id` bigint NOT NULL, `employer` varchar(255), `date_started` datetime(6), `date_employment_ended` datetime(6), `created_at` datetime(6) NOT NULL, `updated_at` datetime(6) NOT NULL, INDEX `index_employment_histories_on_employment_id` (`employment_id`), CONSTRAINT `fk_rails_cac62fcb04`
FOREIGN KEY (`employment_id`)
  REFERENCES `employments` (`id`)
)[0m
  [1m[36mTRANSACTION (0.7ms)[0m  [1m[35mBEGIN[0m
  [1m[36mActiveRecord::SchemaMigration Create (1.1ms)[0m  [1m[32mINSERT INTO `schema_migrations` (`version`) VALUES ('20220527052635')[0m
  [1m[36mTRANSACTION (83.0ms)[0m  [1m[35mCOMMIT[0m
  [1m[36mActiveRecord::InternalMetadata Load (2.6ms)[0m  [1m[34mSELECT `ar_internal_metadata`.* FROM `ar_internal_metadata` WHERE `ar_internal_metadata`.`key` = 'environment' LIMIT 1[0m
  [1m[36mTRANSACTION (0.2ms)[0m  [1m[35mBEGIN[0m
  [1m[36mActiveRecord::InternalMetadata Create (0.4ms)[0m  [1m[32mINSERT INTO `ar_internal_metadata` (`key`, `value`, `created_at`, `updated_at`) VALUES ('environment', 'development', '2022-08-03 09:07:59.907662', '2022-08-03 09:07:59.907662')[0m
  [1m[36mTRANSACTION (108.5ms)[0m  [1m[35mCOMMIT[0m
  [1m[35m (0.9ms)[0m  [1m[34mSELECT RELEASE_LOCK('6123865053441530640')[0m
  [1m[36mActiveRecord::SchemaMigration Pluck (0.7ms)[0m  [1m[34mSELECT `schema_migrations`.`version` FROM `schema_migrations` ORDER BY `schema_migrations`.`version` ASC[0m
Started GET "/" for ::1 at 2022-08-03 15:04:39 +0530
  [1m[36mActiveRecord::SchemaMigration Pluck (0.4ms)[0m  [1m[34mSELECT `schema_migrations`.`version` FROM `schema_migrations` ORDER BY `schema_migrations`.`version` ASC[0m
  
Zeitwerk::NameError (expected file /home/nilesh/work/rails/tailwind-app/app/helpers/users_helper.rb to define constant UsersHelper, but didn't

      raise Zeitwerk::NameError.new("expected file #{file} to define constant #{cpath}, but didn't", cref.last)
      ^^^^^):
  
app/controllers/application_controller.rb:1:in `<main>'
app/controllers/home_controller.rb:1:in `<main>'
Started GET "/" for ::1 at 2022-08-03 15:05:22 +0530
  [1m[36mActiveRecord::SchemaMigration Pluck (0.4ms)[0m  [1m[34mSELECT `schema_migrations`.`version` FROM `schema_migrations` ORDER BY `schema_migrations`.`version` ASC[0m
Processing by HomeController#index as HTML
  Rendering layout layouts/application.html.slim
  Rendering home/index.html.slim within layouts/application
  Rendered home/index.html.slim within layouts/application (Duration: 22.1ms | Allocations: 11317)
  Rendered layouts/_header.html.slim (Duration: 3.1ms | Allocations: 3954)
  Rendered layout layouts/application.html.slim (Duration: 564.5ms | Allocations: 169263)
Completed 200 OK in 586ms (Views: 567.9ms | ActiveRecord: 0.0ms | Allocations: 172170)


Started GET "/users/new" for ::1 at 2022-08-03 15:05:24 +0530
Processing by UsersController#new as HTML
  Rendering users/new.html.slim
  Rendered users/_form.html.slim (Duration: 1564.5ms | Allocations: 963901)
  Rendered users/new.html.slim (Duration: 1569.7ms | Allocations: 966696)
Completed 200 OK in 1601ms (Views: 1571.5ms | ActiveRecord: 5.5ms | Allocations: 973408)


Started POST "/users" for ::1 at 2022-08-03 15:05:45 +0530
Processing by UsersController#create as TURBO_STREAM
  Parameters: {"authenticity_token"=>"[FILTERED]", "user"=>{"first_name"=>"test", "last_name"=>"test", "nick_name"=>"test", "email"=>"test@gmail.com", "phone"=>"234-567-8911"}, "commit"=>"Save"}
  [1m[36mTRANSACTION (0.4ms)[0m  [1m[35mBEGIN[0m
  ↳ app/controllers/users_controller.rb:20:in `block in create'
  [1m[36mUser Create (0.6ms)[0m  [1m[32mINSERT INTO `users` (`first_name`, `last_name`, `nick_name`, `email`, `phone`, `created_at`, `updated_at`) VALUES ('test', 'test', 'test', 'test@gmail.com', '234-567-8911', '2022-08-03 09:35:45.351515', '2022-08-03 09:35:45.351515')[0m
  ↳ app/controllers/users_controller.rb:20:in `block in create'
  [1m[36mTRANSACTION (108.1ms)[0m  [1m[35mCOMMIT[0m
  ↳ app/controllers/users_controller.rb:20:in `block in create'
Redirected to http://localhost:3000/employments/new
Completed 302 Found in 130ms (ActiveRecord: 109.0ms | Allocations: 4041)


Started GET "/employments/new" for ::1 at 2022-08-03 15:05:45 +0530
Processing by EmploymentsController#new as TURBO_STREAM
  Rendering employments/new.html.slim
  Rendered employments/_employment_history_fields.html.slim (Duration: 23.1ms | Allocations: 6410)
  Rendered employments/_employment_history_fields.html.slim (Duration: 1.5ms | Allocations: 964)
  Rendered employments/_form.html.slim (Duration: 178.8ms | Allocations: 28643)
  Rendered employments/new.html.slim (Duration: 185.0ms | Allocations: 31449)
Completed 200 OK in 288ms (Views: 184.5ms | ActiveRecord: 9.7ms | Allocations: 36094)


Started GET "/users/new" for ::1 at 2022-08-03 15:06:54 +0530
Processing by UsersController#new as HTML
  Rendering users/new.html.slim
  Rendered users/_form.html.slim (Duration: 4.5ms | Allocations: 1831)
  Rendered users/new.html.slim (Duration: 5.2ms | Allocations: 1989)
Completed 200 OK in 7ms (Views: 6.0ms | ActiveRecord: 0.0ms | Allocations: 2302)


Started GET "/employments/new" for ::1 at 2022-08-03 15:09:34 +0530
Processing by EmploymentsController#new as HTML
  Rendering employments/new.html.slim
  Rendered employments/_employment_history_fields.html.slim (Duration: 9.9ms | Allocations: 5624)
  Rendered employments/_employment_history_fields.html.slim (Duration: 2.1ms | Allocations: 952)
  Rendered employments/_form.html.slim (Duration: 47.9ms | Allocations: 20916)
  Rendered employments/new.html.slim (Duration: 67.5ms | Allocations: 23658)
Completed 200 OK in 75ms (Views: 71.8ms | ActiveRecord: 0.0ms | Allocations: 24401)


Started GET "/users/new" for ::1 at 2022-08-03 15:09:38 +0530
Processing by UsersController#new as HTML
  Rendering users/new.html.slim
  Rendered users/_form.html.slim (Duration: 50.4ms | Allocations: 17235)
  Rendered users/new.html.slim (Duration: 69.0ms | Allocations: 19975)
Completed 200 OK in 77ms (Views: 73.8ms | ActiveRecord: 0.0ms | Allocations: 20573)


Started POST "/users" for ::1 at 2022-08-03 15:09:45 +0530
Processing by UsersController#create as TURBO_STREAM
  Parameters: {"authenticity_token"=>"[FILTERED]", "user"=>{"first_name"=>"terfs", "last_name"=>"cxzcxc", "nick_name"=>"test", "email"=>"mike@cleversteam.com", "phone"=>"234-567-8911"}, "commit"=>"Save"}
  [1m[36mTRANSACTION (0.7ms)[0m  [1m[35mBEGIN[0m
  ↳ app/controllers/users_controller.rb:20:in `block in create'
  [1m[36mUser Create (1.5ms)[0m  [1m[32mINSERT INTO `users` (`first_name`, `last_name`, `nick_name`, `email`, `phone`, `created_at`, `updated_at`) VALUES ('terfs', 'cxzcxc', 'test', 'mike@cleversteam.com', '234-567-8911', '2022-08-03 09:39:45.470035', '2022-08-03 09:39:45.470035')[0m
  ↳ app/controllers/users_controller.rb:20:in `block in create'
  [1m[36mTRANSACTION (172.4ms)[0m  [1m[35mCOMMIT[0m
  ↳ app/controllers/users_controller.rb:20:in `block in create'
Redirected to http://localhost:3000/employments/new
Completed 302 Found in 201ms (ActiveRecord: 174.5ms | Allocations: 2638)


Started GET "/employments/new" for ::1 at 2022-08-03 15:09:45 +0530
Processing by EmploymentsController#new as TURBO_STREAM
  Rendering employments/new.html.slim
  Rendered employments/_employment_history_fields.html.slim (Duration: 5.0ms | Allocations: 964)
  Rendered employments/_employment_history_fields.html.slim (Duration: 3.0ms | Allocations: 952)
  Rendered employments/_form.html.slim (Duration: 13.0ms | Allocations: 2765)
  Rendered employments/new.html.slim (Duration: 14.4ms | Allocations: 2969)
Completed 200 OK in 18ms (Views: 16.3ms | ActiveRecord: 0.0ms | Allocations: 3297)


Started POST "/employments" for ::1 at 2022-08-03 15:10:25 +0530
Processing by EmploymentsController#create as TURBO_STREAM
  Parameters: {"authenticity_token"=>"[FILTERED]", "employment"=>{"employment_histories_attributes"=>{"TEMPLATE_RECORD"=>{"_destroy"=>"false", "employer"=>"Tets User", "date_started"=>"2022-08-03T15:19", "date_employment_ended"=>"2022-08-27T18:13"}}}, "commit"=>"Save"}
[31mUnpermitted parameter: :TEMPLATE_RECORD. Context: { controller: EmploymentsController, action: create, request: #<ActionDispatch::Request:0x00007f6e37ce4288>, params: {"authenticity_token"=>"[FILTERED]", "employment"=>{"employment_histories_attributes"=>{"TEMPLATE_RECORD"=>{"_destroy"=>"false", "employer"=>"Tets User", "date_started"=>"2022-08-03T15:19", "date_employment_ended"=>"2022-08-27T18:13"}}}, "commit"=>"Save", "controller"=>"employments", "action"=>"create"} }[0m
  [1m[36mTRANSACTION (0.9ms)[0m  [1m[35mBEGIN[0m
  ↳ app/controllers/employments_controller.rb:27:in `block in create'
  [1m[36mEmployment Create (1.5ms)[0m  [1m[32mINSERT INTO `employments` (`employer`, `date_started`, `date_employment_ended`, `created_at`, `updated_at`) VALUES (NULL, NULL, NULL, '2022-08-03 09:40:25.517270', '2022-08-03 09:40:25.517270')[0m
  ↳ app/controllers/employments_controller.rb:27:in `block in create'
  [1m[36mTRANSACTION (133.6ms)[0m  [1m[35mCOMMIT[0m
  ↳ app/controllers/employments_controller.rb:27:in `block in create'
Redirected to http://localhost:3000/employments/1
Completed 302 Found in 163ms (ActiveRecord: 136.0ms | Allocations: 3498)


Started GET "/employments/1" for ::1 at 2022-08-03 15:10:25 +0530
Processing by EmploymentsController#show as TURBO_STREAM
  Parameters: {"id"=>"1"}
  [1m[36mEmployment Load (0.7ms)[0m  [1m[34mSELECT `employments`.* FROM `employments` WHERE `employments`.`id` = 1 LIMIT 1[0m
  ↳ app/controllers/employments_controller.rb:64:in `set_employment'
  Rendering employments/show.html.slim
  Rendered employments/_employment.html.slim (Duration: 3.9ms | Allocations: 3476)
  Rendered employments/show.html.slim (Duration: 18.8ms | Allocations: 7405)
Completed 200 OK in 46ms (Views: 19.4ms | ActiveRecord: 0.7ms | Allocations: 14746)


Started POST "/employments" for ::1 at 2022-08-03 15:10:25 +0530
Processing by EmploymentsController#create as TURBO_STREAM
  Parameters: {"authenticity_token"=>"[FILTERED]", "employment"=>{"employment_histories_attributes"=>{"TEMPLATE_RECORD"=>{"_destroy"=>"false", "employer"=>"Tets User", "date_started"=>"2022-08-03T15:19", "date_employment_ended"=>"2022-08-27T18:13"}}}, "commit"=>"Save"}
[31mUnpermitted parameter: :TEMPLATE_RECORD. Context: { controller: EmploymentsController, action: create, request: #<ActionDispatch::Request:0x00007f6e353c8c28>, params: {"authenticity_token"=>"[FILTERED]", "employment"=>{"employment_histories_attributes"=>{"TEMPLATE_RECORD"=>{"_destroy"=>"false", "employer"=>"Tets User", "date_started"=>"2022-08-03T15:19", "date_employment_ended"=>"2022-08-27T18:13"}}}, "commit"=>"Save", "controller"=>"employments", "action"=>"create"} }[0m
  [1m[36mTRANSACTION (0.2ms)[0m  [1m[35mBEGIN[0m
  ↳ app/controllers/employments_controller.rb:27:in `block in create'
  [1m[36mEmployment Create (0.3ms)[0m  [1m[32mINSERT INTO `employments` (`employer`, `date_started`, `date_employment_ended`, `created_at`, `updated_at`) VALUES (NULL, NULL, NULL, '2022-08-03 09:40:25.771048', '2022-08-03 09:40:25.771048')[0m
  ↳ app/controllers/employments_controller.rb:27:in `block in create'
  [1m[36mTRANSACTION (105.9ms)[0m  [1m[35mCOMMIT[0m
  ↳ app/controllers/employments_controller.rb:27:in `block in create'
Redirected to http://localhost:3000/employments/2
Completed 302 Found in 116ms (ActiveRecord: 106.4ms | Allocations: 2846)


Started GET "/employments/2" for ::1 at 2022-08-03 15:10:25 +0530
Processing by EmploymentsController#show as TURBO_STREAM
  Parameters: {"id"=>"2"}
  [1m[36mEmployment Load (0.8ms)[0m  [1m[34mSELECT `employments`.* FROM `employments` WHERE `employments`.`id` = 2 LIMIT 1[0m
  ↳ app/controllers/employments_controller.rb:64:in `set_employment'
  Rendering employments/show.html.slim
  Rendered employments/_employment.html.slim (Duration: 0.2ms | Allocations: 23)
  Rendered employments/show.html.slim (Duration: 1.9ms | Allocations: 670)
Completed 200 OK in 7ms (Views: 2.7ms | ActiveRecord: 0.8ms | Allocations: 1477)


  [1m[36mEmployment Count (69.9ms)[0m  [1m[34mSELECT COUNT(*) FROM `employments`[0m
Started GET "/users/new" for ::1 at 2022-08-03 15:12:04 +0530
Processing by UsersController#new as HTML
  Rendering users/new.html.slim
  Rendered users/_form.html.slim (Duration: 18.0ms | Allocations: 1883)
  Rendered users/new.html.slim (Duration: 21.0ms | Allocations: 2044)
Completed 200 OK in 26ms (Views: 23.6ms | ActiveRecord: 0.0ms | Allocations: 2311)


Started GET "/employments/new" for ::1 at 2022-08-03 15:12:07 +0530
Processing by EmploymentsController#new as HTML
  Rendering employments/new.html.slim
  Rendered employments/_employment_history_fields.html.slim (Duration: 6.6ms | Allocations: 964)
  Rendered employments/_employment_history_fields.html.slim (Duration: 10.9ms | Allocations: 952)
  Rendered employments/_form.html.slim (Duration: 25.6ms | Allocations: 2732)
  Rendered employments/new.html.slim (Duration: 27.8ms | Allocations: 2889)
Completed 200 OK in 33ms (Views: 30.4ms | ActiveRecord: 0.0ms | Allocations: 3153)


Started GET "/" for ::1 at 2022-08-03 15:12:16 +0530
Processing by HomeController#index as HTML
  Rendering layout layouts/application.html.slim
  Rendering home/index.html.slim within layouts/application
  Rendered home/index.html.slim within layouts/application (Duration: 10.0ms | Allocations: 3093)
  Rendered layouts/_header.html.slim (Duration: 3.2ms | Allocations: 3932)
  Rendered layout layouts/application.html.slim (Duration: 31.9ms | Allocations: 19159)
Completed 200 OK in 36ms (Views: 35.0ms | ActiveRecord: 0.0ms | Allocations: 19818)


Started GET "/users/new" for ::1 at 2022-08-03 15:12:34 +0530
Processing by UsersController#new as HTML
  Rendering layout layouts/application.html.slim
  Rendering users/new.html.slim within layouts/application
  Rendered users/_form.html.slim (Duration: 5.8ms | Allocations: 1879)
  Rendered users/new.html.slim within layouts/application (Duration: 6.7ms | Allocations: 2037)
  Rendered layouts/_header.html.slim (Duration: 0.1ms | Allocations: 16)
  Rendered layout layouts/application.html.slim (Duration: 21.4ms | Allocations: 8938)
Completed 200 OK in 24ms (Views: 22.9ms | ActiveRecord: 0.0ms | Allocations: 9308)


Started GET "/users/login" for ::1 at 2022-08-03 15:12:45 +0530
Processing by UsersController#show as HTML
  Parameters: {"id"=>"login"}
Completed 500 Internal Server Error in 22ms (ActiveRecord: 0.0ms | Allocations: 6068)


  
NoMethodError (undefined method `set_user' for #<UsersController:0x0000000000cb48>

              target.send(@method_name, &block)
                    ^^^^^
Did you mean?  set_request!):
  
activesupport (7.0.3) lib/active_support/callbacks.rb:400:in `block in make_lambda'
activesupport (7.0.3) lib/active_support/callbacks.rb:180:in `block (2 levels) in halting_and_conditional'
actionpack (7.0.3) lib/abstract_controller/callbacks.rb:34:in `block (2 levels) in <module:Callbacks>'
activesupport (7.0.3) lib/active_support/callbacks.rb:181:in `block in halting_and_conditional'
activesupport (7.0.3) lib/active_support/callbacks.rb:595:in `block in invoke_before'
activesupport (7.0.3) lib/active_support/callbacks.rb:595:in `each'
activesupport (7.0.3) lib/active_support/callbacks.rb:595:in `invoke_before'
activesupport (7.0.3) lib/active_support/callbacks.rb:116:in `block in run_callbacks'
actiontext (7.0.3) lib/action_text/rendering.rb:20:in `with_renderer'
actiontext (7.0.3) lib/action_text/engine.rb:69:in `block (4 levels) in <class:Engine>'
activesupport (7.0.3) lib/active_support/callbacks.rb:127:in `instance_exec'
activesupport (7.0.3) lib/active_support/callbacks.rb:127:in `block in run_callbacks'
activesupport (7.0.3) lib/active_support/callbacks.rb:138:in `run_callbacks'
actionpack (7.0.3) lib/abstract_controller/callbacks.rb:233:in `process_action'
actionpack (7.0.3) lib/action_controller/metal/rescue.rb:22:in `process_action'
actionpack (7.0.3) lib/action_controller/metal/instrumentation.rb:67:in `block in process_action'
activesupport (7.0.3) lib/active_support/notifications.rb:206:in `block in instrument'
activesupport (7.0.3) lib/active_support/notifications/instrumenter.rb:24:in `instrument'
activesupport (7.0.3) lib/active_support/notifications.rb:206:in `instrument'
actionpack (7.0.3) lib/action_controller/metal/instrumentation.rb:66:in `process_action'
actionpack (7.0.3) lib/action_controller/metal/params_wrapper.rb:259:in `process_action'
activerecord (7.0.3) lib/active_record/railties/controller_runtime.rb:27:in `process_action'
actionpack (7.0.3) lib/abstract_controller/base.rb:151:in `process'
actionview (7.0.3) lib/action_view/rendering.rb:39:in `process'
actionpack (7.0.3) lib/action_controller/metal.rb:188:in `dispatch'
actionpack (7.0.3) lib/action_controller/metal.rb:251:in `dispatch'
actionpack (7.0.3) lib/action_dispatch/routing/route_set.rb:49:in `dispatch'
actionpack (7.0.3) lib/action_dispatch/routing/route_set.rb:32:in `serve'
actionpack (7.0.3) lib/action_dispatch/journey/router.rb:50:in `block in serve'
actionpack (7.0.3) lib/action_dispatch/journey/router.rb:32:in `each'
actionpack (7.0.3) lib/action_dispatch/journey/router.rb:32:in `serve'
actionpack (7.0.3) lib/action_dispatch/routing/route_set.rb:852:in `call'
rack (2.2.3) lib/rack/tempfile_reaper.rb:15:in `call'
rack (2.2.3) lib/rack/etag.rb:27:in `call'
rack (2.2.3) lib/rack/conditional_get.rb:27:in `call'
rack (2.2.3) lib/rack/head.rb:12:in `call'
actionpack (7.0.3) lib/action_dispatch/http/permissions_policy.rb:38:in `call'
actionpack (7.0.3) lib/action_dispatch/http/content_security_policy.rb:36:in `call'
rack (2.2.3) lib/rack/session/abstract/id.rb:266:in `context'
rack (2.2.3) lib/rack/session/abstract/id.rb:260:in `call'
actionpack (7.0.3) lib/action_dispatch/middleware/cookies.rb:697:in `call'
activerecord (7.0.3) lib/active_record/migration.rb:603:in `call'
actionpack (7.0.3) lib/action_dispatch/middleware/callbacks.rb:27:in `block in call'
activesupport (7.0.3) lib/active_support/callbacks.rb:99:in `run_callbacks'
actionpack (7.0.3) lib/action_dispatch/middleware/callbacks.rb:26:in `call'
actionpack (7.0.3) lib/action_dispatch/middleware/executor.rb:14:in `call'
actionpack (7.0.3) lib/action_dispatch/middleware/actionable_exceptions.rb:17:in `call'
actionpack (7.0.3) lib/action_dispatch/middleware/debug_exceptions.rb:28:in `call'
web-console (4.2.0) lib/web_console/middleware.rb:132:in `call_app'
web-console (4.2.0) lib/web_console/middleware.rb:28:in `block in call'
web-console (4.2.0) lib/web_console/middleware.rb:17:in `catch'
web-console (4.2.0) lib/web_console/middleware.rb:17:in `call'
actionpack (7.0.3) lib/action_dispatch/middleware/show_exceptions.rb:26:in `call'
railties (7.0.3) lib/rails/rack/logger.rb:40:in `call_app'
railties (7.0.3) lib/rails/rack/logger.rb:25:in `block in call'
activesupport (7.0.3) lib/active_support/tagged_logging.rb:114:in `block in tagged'
activesupport (7.0.3) lib/active_support/tagged_logging.rb:38:in `tagged'
activesupport (7.0.3) lib/active_support/tagged_logging.rb:114:in `tagged'
railties (7.0.3) lib/rails/rack/logger.rb:25:in `call'
sprockets-rails (3.4.2) lib/sprockets/rails/quiet_assets.rb:13:in `call'
actionpack (7.0.3) lib/action_dispatch/middleware/remote_ip.rb:93:in `call'
actionpack (7.0.3) lib/action_dispatch/middleware/request_id.rb:26:in `call'
rack (2.2.3) lib/rack/method_override.rb:24:in `call'
rack (2.2.3) lib/rack/runtime.rb:22:in `call'
activesupport (7.0.3) lib/active_support/cache/strategy/local_cache_middleware.rb:29:in `call'
actionpack (7.0.3) lib/action_dispatch/middleware/server_timing.rb:20:in `call'
actionpack (7.0.3) lib/action_dispatch/middleware/executor.rb:14:in `call'
actionpack (7.0.3) lib/action_dispatch/middleware/static.rb:23:in `call'
rack (2.2.3) lib/rack/sendfile.rb:110:in `call'
actionpack (7.0.3) lib/action_dispatch/middleware/host_authorization.rb:137:in `call'
railties (7.0.3) lib/rails/engine.rb:530:in `call'
puma (5.6.4) lib/puma/configuration.rb:252:in `call'
puma (5.6.4) lib/puma/request.rb:77:in `block in handle_request'
puma (5.6.4) lib/puma/thread_pool.rb:340:in `with_force_shutdown'
puma (5.6.4) lib/puma/request.rb:76:in `handle_request'
puma (5.6.4) lib/puma/server.rb:441:in `process_client'
puma (5.6.4) lib/puma/thread_pool.rb:147:in `block in spawn_thread'
Started GET "/users" for ::1 at 2022-08-03 15:14:18 +0530
Processing by UsersController#index as HTML
  Rendering layout layouts/application.html.slim
  Rendering users/index.html.slim within layouts/application
  Rendered users/index.html.slim within layouts/application (Duration: 9.1ms | Allocations: 9482)
  Rendered layout layouts/application.html.slim (Duration: 9.5ms | Allocations: 9570)
Completed 500 Internal Server Error in 11ms (ActiveRecord: 0.0ms | Allocations: 10004)


  
ActionView::Template::Error (undefined method `each' for nil:NilClass

; @users.each do |user|; 
        ^^^^^):
    14:         th.text-sm.font-bold.text-gray-900.px-6.py-4.text-left Email
    15:         th.text-sm.font-bold.text-gray-900.px-6.py-4.text-left Phone
    16:     tbody.border.text-center
    17:       - @users.each do |user|
    18:         = render user
    19:   
  
app/views/users/index.html.slim:17
Started GET "/users/new" for ::1 at 2022-08-03 15:14:49 +0530
Processing by UsersController#new as HTML
  Rendering layout layouts/application.html.slim
  Rendering users/new.html.slim within layouts/application
  Rendered users/_form.html.slim (Duration: 3.2ms | Allocations: 1897)
  Rendered users/new.html.slim within layouts/application (Duration: 3.6ms | Allocations: 2057)
  Rendered layouts/_header.html.slim (Duration: 0.1ms | Allocations: 15)
  Rendered layout layouts/application.html.slim (Duration: 16.7ms | Allocations: 9114)
Completed 200 OK in 18ms (Views: 17.2ms | ActiveRecord: 0.0ms | Allocations: 9424)


Started GET "/users/new" for ::1 at 2022-08-03 15:15:22 +0530
Processing by UsersController#new as HTML
  Rendering layout layouts/application.html.slim
  Rendering users/new.html.slim within layouts/application
  Rendered users/_form.html.slim (Duration: 3.3ms | Allocations: 2127)
  Rendered users/new.html.slim within layouts/application (Duration: 3.9ms | Allocations: 2319)
  Rendered layouts/_header.html.slim (Duration: 0.1ms | Allocations: 16)
  Rendered layout layouts/application.html.slim (Duration: 35.9ms | Allocations: 29969)
Completed 200 OK in 47ms (Views: 37.1ms | ActiveRecord: 3.5ms | Allocations: 33568)


Started GET "/users" for ::1 at 2022-08-03 15:15:28 +0530
Processing by UsersController#index as HTML
  Rendering layout layouts/application.html.slim
  Rendering users/index.html.slim within layouts/application
  [1m[36mUser Load (0.4ms)[0m  [1m[34mSELECT `users`.* FROM `users`[0m
  ↳ app/views/users/index.html.slim:17
  Rendered users/_user.html.slim (Duration: 4.9ms | Allocations: 4697)
  Rendered users/_user.html.slim (Duration: 0.2ms | Allocations: 25)
  Rendered users/index.html.slim within layouts/application (Duration: 10.3ms | Allocations: 6087)
  Rendered layouts/_header.html.slim (Duration: 0.1ms | Allocations: 15)
  Rendered layout layouts/application.html.slim (Duration: 21.9ms | Allocations: 12912)
Completed 200 OK in 24ms (Views: 22.4ms | ActiveRecord: 0.4ms | Allocations: 13282)


Started GET "/users/new" for ::1 at 2022-08-03 15:15:38 +0530
Processing by UsersController#new as HTML
  Rendering layout layouts/application.html.slim
  Rendering users/new.html.slim within layouts/application
  Rendered users/_form.html.slim (Duration: 6.1ms | Allocations: 1805)
  Rendered users/new.html.slim within layouts/application (Duration: 6.9ms | Allocations: 1959)
  Rendered layouts/_header.html.slim (Duration: 0.1ms | Allocations: 15)
  Rendered layout layouts/application.html.slim (Duration: 25.4ms | Allocations: 8784)
Completed 200 OK in 28ms (Views: 26.6ms | ActiveRecord: 0.0ms | Allocations: 9087)


Started GET "/users" for ::1 at 2022-08-03 15:15:42 +0530
Processing by UsersController#index as HTML
  Rendering layout layouts/application.html.slim
  Rendering users/index.html.slim within layouts/application
  [1m[36mUser Load (1.5ms)[0m  [1m[34mSELECT `users`.* FROM `users`[0m
  ↳ app/views/users/index.html.slim:17
  Rendered users/_user.html.slim (Duration: 0.3ms | Allocations: 26)
  Rendered users/_user.html.slim (Duration: 0.2ms | Allocations: 25)
  Rendered users/index.html.slim within layouts/application (Duration: 12.1ms | Allocations: 1134)
  Rendered layouts/_header.html.slim (Duration: 0.1ms | Allocations: 15)
  Rendered layout layouts/application.html.slim (Duration: 29.7ms | Allocations: 7959)
Completed 200 OK in 35ms (Views: 30.5ms | ActiveRecord: 1.5ms | Allocations: 8251)


Started GET "/users/1" for ::1 at 2022-08-03 15:15:50 +0530
Processing by UsersController#show as HTML
  Parameters: {"id"=>"1"}
Completed 500 Internal Server Error in 10ms (ActiveRecord: 0.0ms | Allocations: 5986)


  
NoMethodError (undefined method `set_user' for #<UsersController:0x00000000011a30>

              target.send(@method_name, &block)
                    ^^^^^
Did you mean?  set_request!):
  
activesupport (7.0.3) lib/active_support/callbacks.rb:400:in `block in make_lambda'
activesupport (7.0.3) lib/active_support/callbacks.rb:180:in `block (2 levels) in halting_and_conditional'
actionpack (7.0.3) lib/abstract_controller/callbacks.rb:34:in `block (2 levels) in <module:Callbacks>'
activesupport (7.0.3) lib/active_support/callbacks.rb:181:in `block in halting_and_conditional'
activesupport (7.0.3) lib/active_support/callbacks.rb:595:in `block in invoke_before'
activesupport (7.0.3) lib/active_support/callbacks.rb:595:in `each'
activesupport (7.0.3) lib/active_support/callbacks.rb:595:in `invoke_before'
activesupport (7.0.3) lib/active_support/callbacks.rb:116:in `block in run_callbacks'
actiontext (7.0.3) lib/action_text/rendering.rb:20:in `with_renderer'
actiontext (7.0.3) lib/action_text/engine.rb:69:in `block (4 levels) in <class:Engine>'
activesupport (7.0.3) lib/active_support/callbacks.rb:127:in `instance_exec'
activesupport (7.0.3) lib/active_support/callbacks.rb:127:in `block in run_callbacks'
activesupport (7.0.3) lib/active_support/callbacks.rb:138:in `run_callbacks'
actionpack (7.0.3) lib/abstract_controller/callbacks.rb:233:in `process_action'
actionpack (7.0.3) lib/action_controller/metal/rescue.rb:22:in `process_action'
actionpack (7.0.3) lib/action_controller/metal/instrumentation.rb:67:in `block in process_action'
activesupport (7.0.3) lib/active_support/notifications.rb:206:in `block in instrument'
activesupport (7.0.3) lib/active_support/notifications/instrumenter.rb:24:in `instrument'
activesupport (7.0.3) lib/active_support/notifications.rb:206:in `instrument'
actionpack (7.0.3) lib/action_controller/metal/instrumentation.rb:66:in `process_action'
actionpack (7.0.3) lib/action_controller/metal/params_wrapper.rb:259:in `process_action'
activerecord (7.0.3) lib/active_record/railties/controller_runtime.rb:27:in `process_action'
actionpack (7.0.3) lib/abstract_controller/base.rb:151:in `process'
actionview (7.0.3) lib/action_view/rendering.rb:39:in `process'
actionpack (7.0.3) lib/action_controller/metal.rb:188:in `dispatch'
actionpack (7.0.3) lib/action_controller/metal.rb:251:in `dispatch'
actionpack (7.0.3) lib/action_dispatch/routing/route_set.rb:49:in `dispatch'
actionpack (7.0.3) lib/action_dispatch/routing/route_set.rb:32:in `serve'
actionpack (7.0.3) lib/action_dispatch/journey/router.rb:50:in `block in serve'
actionpack (7.0.3) lib/action_dispatch/journey/router.rb:32:in `each'
actionpack (7.0.3) lib/action_dispatch/journey/router.rb:32:in `serve'
actionpack (7.0.3) lib/action_dispatch/routing/route_set.rb:852:in `call'
rack (2.2.3) lib/rack/tempfile_reaper.rb:15:in `call'
rack (2.2.3) lib/rack/etag.rb:27:in `call'
rack (2.2.3) lib/rack/conditional_get.rb:27:in `call'
rack (2.2.3) lib/rack/head.rb:12:in `call'
actionpack (7.0.3) lib/action_dispatch/http/permissions_policy.rb:38:in `call'
actionpack (7.0.3) lib/action_dispatch/http/content_security_policy.rb:36:in `call'
rack (2.2.3) lib/rack/session/abstract/id.rb:266:in `context'
rack (2.2.3) lib/rack/session/abstract/id.rb:260:in `call'
actionpack (7.0.3) lib/action_dispatch/middleware/cookies.rb:697:in `call'
activerecord (7.0.3) lib/active_record/migration.rb:603:in `call'
actionpack (7.0.3) lib/action_dispatch/middleware/callbacks.rb:27:in `block in call'
activesupport (7.0.3) lib/active_support/callbacks.rb:99:in `run_callbacks'
actionpack (7.0.3) lib/action_dispatch/middleware/callbacks.rb:26:in `call'
actionpack (7.0.3) lib/action_dispatch/middleware/executor.rb:14:in `call'
actionpack (7.0.3) lib/action_dispatch/middleware/actionable_exceptions.rb:17:in `call'
actionpack (7.0.3) lib/action_dispatch/middleware/debug_exceptions.rb:28:in `call'
web-console (4.2.0) lib/web_console/middleware.rb:132:in `call_app'
web-console (4.2.0) lib/web_console/middleware.rb:28:in `block in call'
web-console (4.2.0) lib/web_console/middleware.rb:17:in `catch'
web-console (4.2.0) lib/web_console/middleware.rb:17:in `call'
actionpack (7.0.3) lib/action_dispatch/middleware/show_exceptions.rb:26:in `call'
railties (7.0.3) lib/rails/rack/logger.rb:40:in `call_app'
railties (7.0.3) lib/rails/rack/logger.rb:25:in `block in call'
activesupport (7.0.3) lib/active_support/tagged_logging.rb:114:in `block in tagged'
activesupport (7.0.3) lib/active_support/tagged_logging.rb:38:in `tagged'
activesupport (7.0.3) lib/active_support/tagged_logging.rb:114:in `tagged'
railties (7.0.3) lib/rails/rack/logger.rb:25:in `call'
sprockets-rails (3.4.2) lib/sprockets/rails/quiet_assets.rb:13:in `call'
actionpack (7.0.3) lib/action_dispatch/middleware/remote_ip.rb:93:in `call'
actionpack (7.0.3) lib/action_dispatch/middleware/request_id.rb:26:in `call'
rack (2.2.3) lib/rack/method_override.rb:24:in `call'
rack (2.2.3) lib/rack/runtime.rb:22:in `call'
activesupport (7.0.3) lib/active_support/cache/strategy/local_cache_middleware.rb:29:in `call'
actionpack (7.0.3) lib/action_dispatch/middleware/server_timing.rb:20:in `call'
actionpack (7.0.3) lib/action_dispatch/middleware/executor.rb:14:in `call'
actionpack (7.0.3) lib/action_dispatch/middleware/static.rb:23:in `call'
rack (2.2.3) lib/rack/sendfile.rb:110:in `call'
actionpack (7.0.3) lib/action_dispatch/middleware/host_authorization.rb:137:in `call'
railties (7.0.3) lib/rails/engine.rb:530:in `call'
puma (5.6.4) lib/puma/configuration.rb:252:in `call'
puma (5.6.4) lib/puma/request.rb:77:in `block in handle_request'
puma (5.6.4) lib/puma/thread_pool.rb:340:in `with_force_shutdown'
puma (5.6.4) lib/puma/request.rb:76:in `handle_request'
puma (5.6.4) lib/puma/server.rb:441:in `process_client'
puma (5.6.4) lib/puma/thread_pool.rb:147:in `block in spawn_thread'
Started GET "/users/1" for ::1 at 2022-08-03 15:16:08 +0530
Processing by UsersController#show as HTML
  Parameters: {"id"=>"1"}
  [1m[36mUser Load (0.3ms)[0m  [1m[34mSELECT `users`.* FROM `users` WHERE `users`.`id` = 1 LIMIT 1[0m
  ↳ app/controllers/users_controller.rb:57:in `set_user'
  Rendering layout layouts/application.html.slim
  Rendering users/show.html.slim within layouts/application
  Rendered users/show.html.slim within layouts/application (Duration: 5.0ms | Allocations: 3955)
  Rendered layout layouts/application.html.slim (Duration: 5.4ms | Allocations: 4049)
Completed 500 Internal Server Error in 18ms (ActiveRecord: 3.7ms | Allocations: 8799)


  
ActionView::Template::Error ('nil' is not an ActiveModel-compatible object. It must implement :to_partial_path.):
    1: p style="color: green" = notice
    2: 
    3: == render @personal_datum
    4: 
    5: div
    6:   => link_to "Edit this personal datum", edit_personal_datum_path(@personal_datum)
  
app/views/users/show.html.slim:3
Started GET "/users/1" for ::1 at 2022-08-03 15:18:11 +0530
Processing by UsersController#show as HTML
  Parameters: {"id"=>"1"}
  [1m[36mUser Load (0.5ms)[0m  [1m[34mSELECT `users`.* FROM `users` WHERE `users`.`id` = 1 LIMIT 1[0m
  ↳ app/controllers/users_controller.rb:57:in `set_user'
  Rendering layout layouts/application.html.slim
  Rendering users/show.html.slim within layouts/application
  Rendered users/_user.html.slim (Duration: 4.5ms | Allocations: 4643)
  Rendered users/show.html.slim within layouts/application (Duration: 13.5ms | Allocations: 9003)
  Rendered layout layouts/application.html.slim (Duration: 13.9ms | Allocations: 9097)
Completed 500 Internal Server Error in 20ms (ActiveRecord: 0.5ms | Allocations: 10380)


  
ActionView::Template::Error (No route matches {:action=>"edit", :controller=>"users", :id=>nil}, missing required keys: [:id]):
    3: == render @user
    4: 
    5: div
    6:   => link_to "Edit this User", edit_user_path(@usr)
    7:   '|
    8:   =< link_to "Back to User", users_path
    9: 
  
app/views/users/show.html.slim:6
Started GET "/users/1" for ::1 at 2022-08-03 15:18:26 +0530
Processing by UsersController#show as HTML
  Parameters: {"id"=>"1"}
  [1m[36mUser Load (0.7ms)[0m  [1m[34mSELECT `users`.* FROM `users` WHERE `users`.`id` = 1 LIMIT 1[0m
  ↳ app/controllers/users_controller.rb:57:in `set_user'
  Rendering layout layouts/application.html.slim
  Rendering users/show.html.slim within layouts/application
  Rendered users/_user.html.slim (Duration: 9.2ms | Allocations: 4632)
  Rendered users/show.html.slim within layouts/application (Duration: 18.1ms | Allocations: 8274)
  Rendered layouts/_header.html.slim (Duration: 3.7ms | Allocations: 3942)
  Rendered layout layouts/application.html.slim (Duration: 64.1ms | Allocations: 44539)
Completed 200 OK in 71ms (Views: 66.7ms | ActiveRecord: 0.7ms | Allocations: 45865)


Started GET "/users/1/edit" for ::1 at 2022-08-03 15:18:29 +0530
Processing by UsersController#edit as HTML
  Parameters: {"id"=>"1"}
  [1m[36mUser Load (0.5ms)[0m  [1m[34mSELECT `users`.* FROM `users` WHERE `users`.`id` = 1 LIMIT 1[0m
  ↳ app/controllers/users_controller.rb:57:in `set_user'
  Rendering layout layouts/application.html.slim
  Rendering users/edit.html.slim within layouts/application
  Rendered users/_form.html.slim (Duration: 16.0ms | Allocations: 17248)
  Rendered users/edit.html.slim within layouts/application (Duration: 22.1ms | Allocations: 20018)
  Rendered layouts/_header.html.slim (Duration: 0.0ms | Allocations: 15)
  Rendered layout layouts/application.html.slim (Duration: 31.6ms | Allocations: 26956)
Completed 200 OK in 35ms (Views: 32.2ms | ActiveRecord: 0.5ms | Allocations: 27828)


Started GET "/users/1" for ::1 at 2022-08-03 15:18:36 +0530
Processing by UsersController#show as HTML
  Parameters: {"id"=>"1"}
  [1m[36mUser Load (0.8ms)[0m  [1m[34mSELECT `users`.* FROM `users` WHERE `users`.`id` = 1 LIMIT 1[0m
  ↳ app/controllers/users_controller.rb:57:in `set_user'
  Rendering layout layouts/application.html.slim
  Rendering users/show.html.slim within layouts/application
  Rendered users/_user.html.slim (Duration: 0.2ms | Allocations: 26)
  Rendered users/show.html.slim within layouts/application (Duration: 2.5ms | Allocations: 631)
  Rendered layouts/_header.html.slim (Duration: 0.1ms | Allocations: 15)
  Rendered layout layouts/application.html.slim (Duration: 18.2ms | Allocations: 7448)
Completed 200 OK in 24ms (Views: 19.2ms | ActiveRecord: 0.8ms | Allocations: 8249)


Started DELETE "/users/1" for ::1 at 2022-08-03 15:18:38 +0530
Processing by UsersController#destroy as TURBO_STREAM
  Parameters: {"authenticity_token"=>"[FILTERED]", "id"=>"1"}
  [1m[36mUser Load (1.3ms)[0m  [1m[34mSELECT `users`.* FROM `users` WHERE `users`.`id` = 1 LIMIT 1[0m
  ↳ app/controllers/users_controller.rb:57:in `set_user'
  [1m[36mTRANSACTION (0.7ms)[0m  [1m[35mBEGIN[0m
  ↳ app/controllers/users_controller.rb:45:in `destroy'
  [1m[36mUser Destroy (51.4ms)[0m  [1m[31mDELETE FROM `users` WHERE `users`.`id` = 1[0m
  ↳ app/controllers/users_controller.rb:45:in `destroy'
  [1m[36mTRANSACTION (131.6ms)[0m  [1m[35mCOMMIT[0m
  ↳ app/controllers/users_controller.rb:45:in `destroy'
Redirected to http://localhost:3000/users/1
Completed 302 Found in 211ms (ActiveRecord: 185.0ms | Allocations: 2818)


Started GET "/users/1" for ::1 at 2022-08-03 15:18:38 +0530
Processing by UsersController#show as TURBO_STREAM
  Parameters: {"id"=>"1"}
  [1m[36mUser Load (1.1ms)[0m  [1m[34mSELECT `users`.* FROM `users` WHERE `users`.`id` = 1 LIMIT 1[0m
  ↳ app/controllers/users_controller.rb:57:in `set_user'
Completed 404 Not Found in 8ms (ActiveRecord: 1.1ms | Allocations: 976)


  
ActiveRecord::RecordNotFound (Couldn't find User with 'id'=1):
  
app/controllers/users_controller.rb:57:in `set_user'
Started GET "/users/1" for ::1 at 2022-08-03 15:18:38 +0530
Processing by UsersController#show as HTML
  Parameters: {"id"=>"1"}
  [1m[36mUser Load (1.9ms)[0m  [1m[34mSELECT `users`.* FROM `users` WHERE `users`.`id` = 1 LIMIT 1[0m
  ↳ app/controllers/users_controller.rb:57:in `set_user'
Completed 404 Not Found in 4ms (ActiveRecord: 1.9ms | Allocations: 956)


  
ActiveRecord::RecordNotFound (Couldn't find User with 'id'=1):
  
app/controllers/users_controller.rb:57:in `set_user'
Started GET "/users" for ::1 at 2022-08-03 15:19:06 +0530
Processing by UsersController#index as HTML
  Rendering layout layouts/application.html.slim
  Rendering users/index.html.slim within layouts/application
  [1m[36mUser Load (0.3ms)[0m  [1m[34mSELECT `users`.* FROM `users`[0m
  ↳ app/views/users/index.html.slim:17
  Rendered users/_user.html.slim (Duration: 4.8ms | Allocations: 4632)
  Rendered users/index.html.slim within layouts/application (Duration: 15.3ms | Allocations: 13095)
  Rendered layouts/_header.html.slim (Duration: 4.7ms | Allocations: 3929)
  Rendered layout layouts/application.html.slim (Duration: 35.0ms | Allocations: 28867)
Completed 200 OK in 39ms (Views: 37.1ms | ActiveRecord: 0.3ms | Allocations: 29736)


Started GET "/users" for ::1 at 2022-08-03 15:20:27 +0530
Processing by UsersController#index as HTML
  Rendering layout layouts/application.html.slim
  Rendering users/index.html.slim within layouts/application
  [1m[36mUser Load (0.5ms)[0m  [1m[34mSELECT `users`.* FROM `users`[0m
  ↳ app/views/users/index.html.slim:17
  Rendered users/_user.html.slim (Duration: 9.0ms | Allocations: 4632)
  Rendered users/index.html.slim within layouts/application (Duration: 28.5ms | Allocations: 13041)
  Rendered layouts/_header.html.slim (Duration: 7.4ms | Allocations: 3931)
  Rendered layout layouts/application.html.slim (Duration: 68.1ms | Allocations: 28688)
Completed 200 OK in 73ms (Views: 70.8ms | ActiveRecord: 0.5ms | Allocations: 29581)


Started GET "/users" for ::1 at 2022-08-03 15:20:41 +0530
Processing by UsersController#index as HTML
  Rendering layout layouts/application.html.slim
  Rendering users/index.html.slim within layouts/application
  [1m[36mUser Load (0.7ms)[0m  [1m[34mSELECT `users`.* FROM `users`[0m
  ↳ app/views/users/index.html.slim:17
  Rendered users/_user.html.slim (Duration: 8.1ms | Allocations: 4632)
  Rendered users/index.html.slim within layouts/application (Duration: 27.1ms | Allocations: 13046)
  Rendered layouts/_header.html.slim (Duration: 4.0ms | Allocations: 3930)
  Rendered layout layouts/application.html.slim (Duration: 52.1ms | Allocations: 28692)
Completed 200 OK in 57ms (Views: 54.1ms | ActiveRecord: 0.7ms | Allocations: 29585)


Started GET "/users" for ::1 at 2022-08-03 15:20:49 +0530
Processing by UsersController#index as HTML
  Rendering layout layouts/application.html.slim
  Rendering users/index.html.slim within layouts/application
  [1m[36mUser Load (0.5ms)[0m  [1m[34mSELECT `users`.* FROM `users`[0m
  ↳ app/views/users/index.html.slim:17
  Rendered users/_user.html.slim (Duration: 5.2ms | Allocations: 4632)
  Rendered users/index.html.slim within layouts/application (Duration: 19.3ms | Allocations: 13034)
  Rendered layouts/_header.html.slim (Duration: 5.1ms | Allocations: 3930)
  Rendered layout layouts/application.html.slim (Duration: 43.7ms | Allocations: 28681)
Completed 200 OK in 49ms (Views: 46.4ms | ActiveRecord: 0.5ms | Allocations: 29574)


Started GET "/users/new" for ::1 at 2022-08-03 15:23:18 +0530
Processing by UsersController#new as HTML
  Rendering layout layouts/application.html.slim
  Rendering users/new.html.slim within layouts/application
  Rendered users/_form.html.slim (Duration: 21.0ms | Allocations: 17235)
  Rendered users/new.html.slim within layouts/application (Duration: 39.7ms | Allocations: 19965)
  Rendered layouts/_header.html.slim (Duration: 3.5ms | Allocations: 3930)
  Rendered layout layouts/application.html.slim (Duration: 58.0ms | Allocations: 35715)
Completed 200 OK in 73ms (Views: 67.4ms | ActiveRecord: 0.0ms | Allocations: 36617)


Started GET "/users/new" for ::1 at 2022-08-03 15:23:26 +0530
Processing by UsersController#new as HTML
  Rendering layout layouts/application.html.slim
  Rendering users/new.html.slim within layouts/application
  Rendered users/_form.html.slim (Duration: 10.3ms | Allocations: 1808)
  Rendered users/new.html.slim within layouts/application (Duration: 11.3ms | Allocations: 1962)
  Rendered layouts/_header.html.slim (Duration: 0.1ms | Allocations: 15)
  Rendered layout layouts/application.html.slim (Duration: 26.6ms | Allocations: 8787)
Completed 200 OK in 30ms (Views: 27.9ms | ActiveRecord: 0.0ms | Allocations: 9109)


Started GET "/users" for ::1 at 2022-08-03 15:23:31 +0530
Processing by UsersController#index as HTML
  Rendering layout layouts/application.html.slim
  Rendering users/index.html.slim within layouts/application
  [1m[36mUser Load (0.6ms)[0m  [1m[34mSELECT `users`.* FROM `users`[0m
  ↳ app/views/users/index.html.slim:17
  Rendered users/_user.html.slim (Duration: 5.6ms | Allocations: 4630)
  Rendered users/index.html.slim within layouts/application (Duration: 19.1ms | Allocations: 12873)
  Rendered layouts/_header.html.slim (Duration: 0.1ms | Allocations: 15)
  Rendered layout layouts/application.html.slim (Duration: 32.4ms | Allocations: 19823)
Completed 200 OK in 34ms (Views: 32.4ms | ActiveRecord: 0.6ms | Allocations: 20191)


Started GET "/users/2" for ::1 at 2022-08-03 15:23:44 +0530
Processing by UsersController#show as HTML
  Parameters: {"id"=>"2"}
  [1m[36mUser Load (0.4ms)[0m  [1m[34mSELECT `users`.* FROM `users` WHERE `users`.`id` = 2 LIMIT 1[0m
  ↳ app/controllers/users_controller.rb:57:in `set_user'
  Rendering layout layouts/application.html.slim
  Rendering users/show.html.slim within layouts/application
  Rendered users/_user.html.slim (Duration: 0.1ms | Allocations: 26)
  Rendered users/show.html.slim within layouts/application (Duration: 4.2ms | Allocations: 3366)
  Rendered layouts/_header.html.slim (Duration: 0.1ms | Allocations: 15)
  Rendered layout layouts/application.html.slim (Duration: 15.2ms | Allocations: 10183)
Completed 200 OK in 18ms (Views: 15.6ms | ActiveRecord: 0.4ms | Allocations: 10998)


Started GET "/users/2/edit" for ::1 at 2022-08-03 15:23:48 +0530
Processing by UsersController#edit as HTML
  Parameters: {"id"=>"2"}
  [1m[36mUser Load (1.4ms)[0m  [1m[34mSELECT `users`.* FROM `users` WHERE `users`.`id` = 2 LIMIT 1[0m
  ↳ app/controllers/users_controller.rb:57:in `set_user'
  Rendering layout layouts/application.html.slim
  Rendering users/edit.html.slim within layouts/application
  Rendered users/_form.html.slim (Duration: 5.6ms | Allocations: 1919)
  Rendered users/edit.html.slim within layouts/application (Duration: 16.1ms | Allocations: 4618)
  Rendered layouts/_header.html.slim (Duration: 0.1ms | Allocations: 15)
  Rendered layout layouts/application.html.slim (Duration: 31.3ms | Allocations: 11435)
Completed 200 OK in 43ms (Views: 32.7ms | ActiveRecord: 1.4ms | Allocations: 12236)


Started PATCH "/users/2" for ::1 at 2022-08-03 15:23:54 +0530
Processing by UsersController#update as TURBO_STREAM
  Parameters: {"authenticity_token"=>"[FILTERED]", "user"=>{"first_name"=>"terfs", "last_name"=>"cxzcxc", "nick_name"=>"test", "email"=>"test@gmail.com", "phone"=>"234-567-8911"}, "commit"=>"Save", "id"=>"2"}
  [1m[36mUser Load (0.5ms)[0m  [1m[34mSELECT `users`.* FROM `users` WHERE `users`.`id` = 2 LIMIT 1[0m
  ↳ app/controllers/users_controller.rb:57:in `set_user'
  [1m[36mTRANSACTION (0.1ms)[0m  [1m[35mBEGIN[0m
  ↳ app/controllers/users_controller.rb:32:in `block in update'
  [1m[36mUser Update (28.3ms)[0m  [1m[33mUPDATE `users` SET `users`.`email` = 'test@gmail.com', `users`.`updated_at` = '2022-08-03 09:53:54.809690' WHERE `users`.`id` = 2[0m
  ↳ app/controllers/users_controller.rb:32:in `block in update'
  [1m[36mTRANSACTION (208.7ms)[0m  [1m[35mCOMMIT[0m
  ↳ app/controllers/users_controller.rb:32:in `block in update'
Redirected to http://localhost:3000/users/2
Completed 302 Found in 249ms (ActiveRecord: 237.6ms | Allocations: 3444)


Started GET "/users/2" for ::1 at 2022-08-03 15:23:55 +0530
Processing by UsersController#show as TURBO_STREAM
  Parameters: {"id"=>"2"}
  [1m[36mUser Load (0.8ms)[0m  [1m[34mSELECT `users`.* FROM `users` WHERE `users`.`id` = 2 LIMIT 1[0m
  ↳ app/controllers/users_controller.rb:57:in `set_user'
  Rendering layout layouts/application.html.slim
  Rendering users/show.html.slim within layouts/application
  Rendered users/_user.html.slim (Duration: 0.2ms | Allocations: 26)
  Rendered users/show.html.slim within layouts/application (Duration: 2.6ms | Allocations: 714)
  Rendered layouts/_header.html.slim (Duration: 0.1ms | Allocations: 15)
  Rendered layout layouts/application.html.slim (Duration: 16.2ms | Allocations: 7531)
Completed 200 OK in 21ms (Views: 17.1ms | ActiveRecord: 0.8ms | Allocations: 8379)


Started GET "/users" for ::1 at 2022-08-03 15:23:59 +0530
Processing by UsersController#index as HTML
  Rendering layout layouts/application.html.slim
  Rendering users/index.html.slim within layouts/application
  [1m[36mUser Load (0.4ms)[0m  [1m[34mSELECT `users`.* FROM `users`[0m
  ↳ app/views/users/index.html.slim:17
  Rendered users/_user.html.slim (Duration: 0.1ms | Allocations: 26)
  Rendered users/index.html.slim within layouts/application (Duration: 3.6ms | Allocations: 991)
  Rendered layouts/_header.html.slim (Duration: 0.1ms | Allocations: 15)
  Rendered layout layouts/application.html.slim (Duration: 15.0ms | Allocations: 7816)
Completed 200 OK in 16ms (Views: 15.3ms | ActiveRecord: 0.4ms | Allocations: 8108)


Started GET "/employments" for ::1 at 2022-08-03 15:24:13 +0530
Processing by EmploymentsController#index as HTML
  Rendering layout layouts/application.html.slim
  Rendering employments/index.html.slim within layouts/application
  [1m[36mEmployment Load (0.2ms)[0m  [1m[34mSELECT `employments`.* FROM `employments`[0m
  ↳ app/views/employments/index.html.slim:17
  Rendered employments/_employment.html.slim (Duration: 3.1ms | Allocations: 3410)
  Rendered employments/_employment.html.slim (Duration: 0.1ms | Allocations: 22)
  Rendered employments/index.html.slim within layouts/application (Duration: 18.4ms | Allocations: 12612)
  Rendered layouts/_header.html.slim (Duration: 0.1ms | Allocations: 16)
  Rendered layout layouts/application.html.slim (Duration: 29.1ms | Allocations: 19661)
Completed 200 OK in 34ms (Views: 25.9ms | ActiveRecord: 4.9ms | Allocations: 21435)


Started GET "/employment_histores" for ::1 at 2022-08-03 15:25:08 +0530
  
ActionController::RoutingError (No route matches [GET] "/employment_histores"):
  
Started GET "/" for ::1 at 2022-08-03 15:25:13 +0530
Processing by HomeController#index as HTML
  Rendering layout layouts/application.html.slim
  Rendering home/index.html.slim within layouts/application
  Rendered home/index.html.slim within layouts/application (Duration: 4.1ms | Allocations: 3108)
  Rendered layouts/_header.html.slim (Duration: 0.1ms | Allocations: 19)
  Rendered layout layouts/application.html.slim (Duration: 15.2ms | Allocations: 10557)
Completed 200 OK in 17ms (Views: 16.6ms | ActiveRecord: 0.0ms | Allocations: 11260)


Started GET "/employments/new" for ::1 at 2022-08-03 15:25:15 +0530
Processing by EmploymentsController#new as HTML
  Rendering employments/new.html.slim
  Rendered employments/_employment_history_fields.html.slim (Duration: 4.7ms | Allocations: 5764)
  Rendered employments/_employment_history_fields.html.slim (Duration: 1.2ms | Allocations: 952)
  Rendered employments/_form.html.slim (Duration: 24.2ms | Allocations: 24477)
  Rendered employments/new.html.slim (Duration: 28.4ms | Allocations: 27133)
Completed 200 OK in 30ms (Views: 26.4ms | ActiveRecord: 2.5ms | Allocations: 27523)


Started POST "/employments" for ::1 at 2022-08-03 15:25:45 +0530
Processing by EmploymentsController#create as TURBO_STREAM
  Parameters: {"authenticity_token"=>"[FILTERED]", "employment"=>{"employment_histories_attributes"=>{"TEMPLATE_RECORD"=>{"_destroy"=>"false", "employer"=>"Tets User", "date_started"=>"2022-08-03T20:30", "date_employment_ended"=>"2022-08-18T15:28"}}}, "commit"=>"Save"}
[31mUnpermitted parameter: :TEMPLATE_RECORD. Context: { controller: EmploymentsController, action: create, request: #<ActionDispatch::Request:0x00007f6e351b5918>, params: {"authenticity_token"=>"[FILTERED]", "employment"=>{"employment_histories_attributes"=>{"TEMPLATE_RECORD"=>{"_destroy"=>"false", "employer"=>"Tets User", "date_started"=>"2022-08-03T20:30", "date_employment_ended"=>"2022-08-18T15:28"}}}, "commit"=>"Save", "controller"=>"employments", "action"=>"create"} }[0m
  [1m[36mTRANSACTION (1.0ms)[0m  [1m[35mBEGIN[0m
  ↳ app/controllers/employments_controller.rb:27:in `block in create'
  [1m[36mEmployment Create (1.1ms)[0m  [1m[32mINSERT INTO `employments` (`employer`, `date_started`, `date_employment_ended`, `created_at`, `updated_at`) VALUES (NULL, NULL, NULL, '2022-08-03 09:55:45.054056', '2022-08-03 09:55:45.054056')[0m
  ↳ app/controllers/employments_controller.rb:27:in `block in create'
  [1m[36mTRANSACTION (112.5ms)[0m  [1m[35mCOMMIT[0m
  ↳ app/controllers/employments_controller.rb:27:in `block in create'
Redirected to http://localhost:3000/employments/3
Completed 302 Found in 143ms (ActiveRecord: 114.6ms | Allocations: 3001)


Started GET "/employments/3" for ::1 at 2022-08-03 15:25:45 +0530
Processing by EmploymentsController#show as TURBO_STREAM
  Parameters: {"id"=>"3"}
  [1m[36mEmployment Load (1.1ms)[0m  [1m[34mSELECT `employments`.* FROM `employments` WHERE `employments`.`id` = 3 LIMIT 1[0m
  ↳ app/controllers/employments_controller.rb:64:in `set_employment'
  Rendering employments/show.html.slim
  Rendered employments/_employment.html.slim (Duration: 0.5ms | Allocations: 26)
  Rendered employments/show.html.slim (Duration: 18.8ms | Allocations: 3397)
Completed 200 OK in 32ms (Views: 21.8ms | ActiveRecord: 1.1ms | Allocations: 4931)


Started GET "/employments/new" for ::1 at 2022-08-03 15:26:20 +0530
Processing by EmploymentsController#new as HTML
  Rendering employments/new.html.slim
  Rendered employments/_employment_history_fields.html.slim (Duration: 1.3ms | Allocations: 1137)
  Rendered employments/_employment_history_fields.html.slim (Duration: 1.1ms | Allocations: 952)
  Rendered employments/_form.html.slim (Duration: 10.9ms | Allocations: 6466)
  Rendered employments/new.html.slim (Duration: 11.5ms | Allocations: 6659)
Completed 200 OK in 20ms (Views: 10.3ms | ActiveRecord: 5.3ms | Allocations: 10017)


Started POST "/employments" for ::1 at 2022-08-03 15:26:43 +0530
Processing by EmploymentsController#create as TURBO_STREAM
  Parameters: {"authenticity_token"=>"[FILTERED]", "employment"=>{"employment_histories_attributes"=>{"TEMPLATE_RECORD"=>{"_destroy"=>"false", "employer"=>"Tets User", "date_started"=>"2022-08-19T18:29", "date_employment_ended"=>"2022-08-19T20:31"}}}, "commit"=>"Save"}
[31mUnpermitted parameter: :TEMPLATE_RECORD. Context: { controller: EmploymentsController, action: create, request: #<ActionDispatch::Request:0x00007f6e34ec8c28>, params: {"authenticity_token"=>"[FILTERED]", "employment"=>{"employment_histories_attributes"=>{"TEMPLATE_RECORD"=>{"_destroy"=>"false", "employer"=>"Tets User", "date_started"=>"2022-08-19T18:29", "date_employment_ended"=>"2022-08-19T20:31"}}}, "commit"=>"Save", "controller"=>"employments", "action"=>"create"} }[0m
[31mUnpermitted parameter: :TEMPLATE_RECORD. Context: { controller: EmploymentsController, action: create, request: #<ActionDispatch::Request:0x00007f6e34ec8c28>, params: {"authenticity_token"=>"[FILTERED]", "employment"=>{"employment_histories_attributes"=>{"TEMPLATE_RECORD"=>{"_destroy"=>"false", "employer"=>"Tets User", "date_started"=>"2022-08-19T18:29", "date_employment_ended"=>"2022-08-19T20:31"}}}, "commit"=>"Save", "controller"=>"employments", "action"=>"create"} }[0m
  [1m[36mTRANSACTION (3.6ms)[0m  [1m[35mBEGIN[0m
  ↳ app/controllers/employments_controller.rb:28:in `block in create'
  [1m[36mEmployment Create (1.7ms)[0m  [1m[32mINSERT INTO `employments` (`employer`, `date_started`, `date_employment_ended`, `created_at`, `updated_at`) VALUES (NULL, NULL, NULL, '2022-08-03 10:05:06.882607', '2022-08-03 10:05:06.882607')[0m
  ↳ app/controllers/employments_controller.rb:28:in `block in create'
  [1m[36mTRANSACTION (148.9ms)[0m  [1m[35mCOMMIT[0m
  ↳ app/controllers/employments_controller.rb:28:in `block in create'
Redirected to http://localhost:3000/employments/4
Completed 302 Found in 503763ms (ActiveRecord: 154.2ms | Allocations: 205058)


Started GET "/" for ::1 at 2022-08-03 15:35:07 +0530
Started GET "/employments/4" for ::1 at 2022-08-03 15:35:07 +0530
  
SyntaxError (/home/nilesh/work/rails/tailwind-app/app/controllers/employments_controller.rb:71: syntax error, unexpected ',', expecting ']'
...                              , :date_employment_ended])
...                              ^
):
  
app/controllers/employments_controller.rb:71: syntax error, unexpected ',', expecting ']'
app/controllers/employments_controller.rb:71: syntax error, unexpected ',', expecting ']'
app/controllers/employments_controller.rb:71: syntax error, unexpected ',', expecting ']'
Processing by HomeController#index as HTML
  Rendering layout layouts/application.html.slim
  Rendering home/index.html.slim within layouts/application
  Rendered home/index.html.slim within layouts/application (Duration: 4.3ms | Allocations: 3554)
  Rendered layouts/_header.html.slim (Duration: 4.4ms | Allocations: 3940)
  Rendered layout layouts/application.html.slim (Duration: 87.6ms | Allocations: 69986)
Completed 200 OK in 90ms (Views: 89.2ms | ActiveRecord: 0.0ms | Allocations: 71387)


Started GET "/employments/new" for ::1 at 2022-08-03 15:35:14 +0530
  
SyntaxError (/home/nilesh/work/rails/tailwind-app/app/controllers/employments_controller.rb:71: syntax error, unexpected ',', expecting ']'
...                              , :date_employment_ended])
...                              ^
):
  
app/controllers/employments_controller.rb:71: syntax error, unexpected ',', expecting ']'
app/controllers/employments_controller.rb:71: syntax error, unexpected ',', expecting ']'
app/controllers/employments_controller.rb:71: syntax error, unexpected ',', expecting ']'
Started GET "/employments/new" for ::1 at 2022-08-03 15:35:40 +0530
Processing by EmploymentsController#new as HTML
  Rendering employments/new.html.slim
  Rendered employments/_employment_history_fields.html.slim (Duration: 5.1ms | Allocations: 5790)
  Rendered employments/_employment_history_fields.html.slim (Duration: 1.2ms | Allocations: 952)
  Rendered employments/_form.html.slim (Duration: 24.2ms | Allocations: 25520)
  Rendered employments/new.html.slim (Duration: 27.8ms | Allocations: 28288)
Completed 200 OK in 39ms (Views: 26.9ms | ActiveRecord: 5.6ms | Allocations: 31840)


Started GET "/" for ::1 at 2022-08-03 15:36:44 +0530
Processing by HomeController#index as HTML
  Rendering layout layouts/application.html.slim
  Rendering home/index.html.slim within layouts/application
  Rendered home/index.html.slim within layouts/application (Duration: 0.7ms | Allocations: 251)
  Rendered layouts/_header.html.slim (Duration: 0.1ms | Allocations: 19)
  Rendered layout layouts/application.html.slim (Duration: 38.6ms | Allocations: 28203)
Completed 200 OK in 42ms (Views: 41.1ms | ActiveRecord: 0.0ms | Allocations: 28853)


Started GET "/employments/new" for ::1 at 2022-08-03 15:36:46 +0530
Processing by EmploymentsController#new as HTML
  Rendering employments/new.html.slim
  Rendered employments/_employment_history_fields.html.slim (Duration: 2.1ms | Allocations: 1002)
  Rendered employments/_employment_history_fields.html.slim (Duration: 1.8ms | Allocations: 952)
  Rendered employments/_form.html.slim (Duration: 7.2ms | Allocations: 3119)
  Rendered employments/new.html.slim (Duration: 8.0ms | Allocations: 3277)
Completed 200 OK in 9ms (Views: 8.5ms | ActiveRecord: 0.0ms | Allocations: 3568)


Started POST "/employments" for ::1 at 2022-08-03 15:36:59 +0530
Processing by EmploymentsController#create as TURBO_STREAM
  Parameters: {"authenticity_token"=>"[FILTERED]", "employment"=>{"employment_histories_attributes"=>{"NEW_RECORD"=>{"_destroy"=>"false", "employer"=>"fdsfdfsdf", "date_started"=>"2022-08-18T18:42", "date_employment_ended"=>"2022-08-18T15:40"}}}, "commit"=>"Save"}
[31mUnpermitted parameter: :NEW_RECORD. Context: { controller: EmploymentsController, action: create, request: #<ActionDispatch::Request:0x00007f6e35b5ad10>, params: {"authenticity_token"=>"[FILTERED]", "employment"=>{"employment_histories_attributes"=>{"NEW_RECORD"=>{"_destroy"=>"false", "employer"=>"fdsfdfsdf", "date_started"=>"2022-08-18T18:42", "date_employment_ended"=>"2022-08-18T15:40"}}}, "commit"=>"Save", "controller"=>"employments", "action"=>"create"} }[0m
  [1m[36mTRANSACTION (0.6ms)[0m  [1m[35mBEGIN[0m
  ↳ app/controllers/employments_controller.rb:28:in `block in create'
  [1m[36mEmployment Create (1.2ms)[0m  [1m[32mINSERT INTO `employments` (`employer`, `date_started`, `date_employment_ended`, `created_at`, `updated_at`) VALUES (NULL, NULL, NULL, '2022-08-03 10:07:03.412036', '2022-08-03 10:07:03.412036')[0m
  ↳ app/controllers/employments_controller.rb:28:in `block in create'
  [1m[36mTRANSACTION (65.3ms)[0m  [1m[35mCOMMIT[0m
  ↳ app/controllers/employments_controller.rb:28:in `block in create'
Redirected to http://localhost:3000/employments/5
Completed 302 Found in 4035ms (ActiveRecord: 67.1ms | Allocations: 63350)


Started GET "/employments/5" for ::1 at 2022-08-03 15:37:03 +0530
Processing by EmploymentsController#show as TURBO_STREAM
  Parameters: {"id"=>"5"}
  [1m[36mEmployment Load (0.8ms)[0m  [1m[34mSELECT `employments`.* FROM `employments` WHERE `employments`.`id` = 5 LIMIT 1[0m
  ↳ app/controllers/employments_controller.rb:65:in `set_employment'
  Rendering employments/show.html.slim
  Rendered employments/_employment.html.slim (Duration: 5.3ms | Allocations: 3419)
  Rendered employments/show.html.slim (Duration: 13.6ms | Allocations: 7049)
Completed 200 OK in 22ms (Views: 14.6ms | ActiveRecord: 0.8ms | Allocations: 8679)


Started GET "/employments/new" for ::1 at 2022-08-03 15:38:23 +0530
Processing by EmploymentsController#new as HTML
  Rendering employments/new.html.slim
  Rendered employments/_employment_history_fields.html.slim (Duration: 9.0ms | Allocations: 5794)
  Rendered employments/_employment_history_fields.html.slim (Duration: 2.3ms | Allocations: 956)
  Rendered employments/_form.html.slim (Duration: 37.4ms | Allocations: 25536)
  Rendered employments/new.html.slim (Duration: 41.2ms | Allocations: 28305)
Completed 200 OK in 52ms (Views: 39.2ms | ActiveRecord: 6.1ms | Allocations: 31989)


Started GET "/employments/new" for ::1 at 2022-08-03 15:38:59 +0530
Processing by EmploymentsController#new as HTML
  Rendering employments/new.html.slim
  Rendered employments/_employment_history_fields.html.slim (Duration: 10.8ms | Allocations: 957)
  Rendered employments/_employment_history_fields.html.slim (Duration: 9.3ms | Allocations: 956)
  Rendered employments/_form.html.slim (Duration: 34.4ms | Allocations: 2975)
  Rendered employments/new.html.slim (Duration: 36.6ms | Allocations: 3130)
Completed 200 OK in 41ms (Views: 39.1ms | ActiveRecord: 0.0ms | Allocations: 3428)


Started POST "/employments" for ::1 at 2022-08-03 15:39:16 +0530
Processing by EmploymentsController#create as TURBO_STREAM
  Parameters: {"authenticity_token"=>"[FILTERED]", "employment"=>{"employment_histories_attributes"=>{"1"=>{"_destroy"=>"false", "employer"=>"fgfgfg", "date_started"=>"2022-08-12T18:42", "date_employment_ended"=>"2022-08-13T18:42"}}}, "commit"=>"Save"}
  [1m[36mTRANSACTION (0.2ms)[0m  [1m[35mBEGIN[0m
  ↳ app/controllers/employments_controller.rb:27:in `block in create'
  [1m[36mEmployment Create (0.5ms)[0m  [1m[32mINSERT INTO `employments` (`employer`, `date_started`, `date_employment_ended`, `created_at`, `updated_at`) VALUES (NULL, NULL, NULL, '2022-08-03 10:09:16.317351', '2022-08-03 10:09:16.317351')[0m
  ↳ app/controllers/employments_controller.rb:27:in `block in create'
  [1m[36mEmploymentHistory Create (103.9ms)[0m  [1m[32mINSERT INTO `employment_histories` (`employment_id`, `employer`, `date_started`, `date_employment_ended`, `created_at`, `updated_at`) VALUES (6, 'fgfgfg', '2022-08-12 18:42:00', '2022-08-13 18:42:00', '2022-08-03 10:09:16.322006', '2022-08-03 10:09:16.322006')[0m
  ↳ app/controllers/employments_controller.rb:27:in `block in create'
  [1m[36mTRANSACTION (113.2ms)[0m  [1m[35mCOMMIT[0m
  ↳ app/controllers/employments_controller.rb:27:in `block in create'
Redirected to http://localhost:3000/employments/6
Completed 302 Found in 242ms (ActiveRecord: 217.8ms | Allocations: 4555)


Started GET "/employments/6" for ::1 at 2022-08-03 15:39:16 +0530
Processing by EmploymentsController#show as TURBO_STREAM
  Parameters: {"id"=>"6"}
  [1m[36mEmployment Load (0.6ms)[0m  [1m[34mSELECT `employments`.* FROM `employments` WHERE `employments`.`id` = 6 LIMIT 1[0m
  ↳ app/controllers/employments_controller.rb:64:in `set_employment'
  Rendering employments/show.html.slim
  Rendered employments/_employment.html.slim (Duration: 4.5ms | Allocations: 3419)
  Rendered employments/show.html.slim (Duration: 11.3ms | Allocations: 6975)
Completed 200 OK in 17ms (Views: 12.0ms | ActiveRecord: 0.6ms | Allocations: 8571)


  [1m[36mEmploymentHistory Load (1.3ms)[0m  [1m[34mSELECT `employment_histories`.* FROM `employment_histories` ORDER BY `employment_histories`.`id` DESC LIMIT 1[0m
